<?xml version="1.0" encoding="UTF-8"?>
<testng-results ignored="0" total="1" passed="1" failed="0" skipped="0">
  <reporter-output>
  </reporter-output>
  <suite started-at="2022-08-31T13:16:06Z" name="Default suite" finished-at="2022-08-31T13:16:28Z" duration-ms="21907">
    <groups>
    </groups>
    <test started-at="2022-08-31T13:16:06Z" name="Default test" finished-at="2022-08-31T13:16:28Z" duration-ms="21907">
      <class name="ravi.SeleniumFramework.StandAlone">
        <test-method is-config="true" signature="launchAppLocation()[pri:0, instance:ravi.SeleniumFramework.StandAlone@b4711e2]" started-at="2022-08-31T13:16:06Z" name="launchAppLocation" finished-at="2022-08-31T13:16:11Z" duration-ms="5835" status="PASS">
          <reporter-output>
          </reporter-output>
        </test-method> <!-- launchAppLocation -->
        <test-method signature="submitOrder()[pri:0, instance:ravi.SeleniumFramework.StandAlone@b4711e2]" started-at="2022-08-31T13:16:11Z" name="submitOrder" finished-at="2022-08-31T13:16:27Z" duration-ms="15996" status="PASS">
          <reporter-output>
          </reporter-output>
        </test-method> <!-- submitOrder -->
        <test-method is-config="true" signature="tearDown()[pri:0, instance:ravi.SeleniumFramework.StandAlone@b4711e2]" started-at="2022-08-31T13:16:27Z" name="tearDown" finished-at="2022-08-31T13:16:28Z" duration-ms="58" status="PASS">
          <reporter-output>
          </reporter-output>
        </test-method> <!-- tearDown -->
      </class> <!-- ravi.SeleniumFramework.StandAlone -->
    </test> <!-- Default test -->
  </suite> <!-- Default suite -->
</testng-results>
